<?xml version="1.0" encoding="UTF-8"?>
<testsuite xmlns:xsi="http://www.w3.org/2001/XMLSchema-instance" xsi:noNamespaceSchemaLocation="https://maven.apache.org/surefire/maven-surefire-plugin/xsd/surefire-test-report.xsd" name="huawei.cloudbu.mock1to4.service.mock10.FileServiceTest" time="0.026" tests="2" errors="0" skipped="0" failures="0">
  <properties>
[...]
</properties>
  <testcase name="testWriteSpy" classname="huawei.cloudbu.mock1to4.service.mock10.FileServiceTest" time="0.021"/>
  <testcase name="testWrite" classname="huawei.cloudbu.mock1to4.service.mock10.FileServiceTest" time="0.001"/>
</testsuite>